<?xml version="1.0" encoding="UTF-8"?>
<!-- Generated by org.testng.reporters.JUnitXMLReporter -->
<testsuite hostname="DESKTOP-4TRSSIH" ignored="0" name="Default test" tests="4" failures="0" timestamp="2019-12-04T14:32:02 PST" time="64.869" errors="0">
  <testcase name="verifyLoginPageTitleTest" time="0.011" classname="com.qa.hubspot.tests.LoginPageTest"/>
  <testcase name="verifySignUpLinkTest" time="0.039" classname="com.qa.hubspot.tests.LoginPageTest"/>
  <testcase name="loginTestWithCorrectCredentialsTest" time="8.291" classname="com.qa.hubspot.tests.LoginPageTest"/>
  <testcase name="loginTestWithInCorrectCredentialsTest" time="8.235" classname="com.qa.hubspot.tests.LoginPageTest"/>
</testsuite> <!-- Default test -->
