<?xml version="1.0" encoding="UTF-8"?>
<testng-results skipped="0" failed="0" ignored="0" total="4" passed="4">
  <reporter-output>
  </reporter-output>
  <suite name="Default suite" duration-ms="64869" started-at="2019-12-04T14:30:58 PST" finished-at="2019-12-04T14:32:02 PST">
    <groups>
    </groups>
    <test name="Default test" duration-ms="64869" started-at="2019-12-04T14:30:58 PST" finished-at="2019-12-04T14:32:02 PST">
      <class name="com.qa.hubspot.tests.LoginPageTest">
        <test-method status="PASS" signature="setUp()[pri:0, instance:com.qa.hubspot.tests.LoginPageTest@5e853265]" name="setUp" is-config="true" duration-ms="11857" started-at="2019-12-04T14:30:58 PST" finished-at="2019-12-04T14:31:10 PST">
          <reporter-output>
          </reporter-output>
        </test-method> <!-- setUp -->
        <test-method status="PASS" signature="verifyLoginPageTitleTest()[pri:1, instance:com.qa.hubspot.tests.LoginPageTest@5e853265]" name="verifyLoginPageTitleTest" duration-ms="11" started-at="2019-12-04T14:31:10 PST" finished-at="2019-12-04T14:31:10 PST">
          <reporter-output>
          </reporter-output>
        </test-method> <!-- verifyLoginPageTitleTest -->
        <test-method status="PASS" signature="tearDown()[pri:0, instance:com.qa.hubspot.tests.LoginPageTest@5e853265]" name="tearDown" is-config="true" duration-ms="590" started-at="2019-12-04T14:31:10 PST" finished-at="2019-12-04T14:31:10 PST">
          <reporter-output>
          </reporter-output>
        </test-method> <!-- tearDown -->
        <test-method status="PASS" signature="setUp()[pri:0, instance:com.qa.hubspot.tests.LoginPageTest@5e853265]" name="setUp" is-config="true" duration-ms="11332" started-at="2019-12-04T14:31:10 PST" finished-at="2019-12-04T14:31:21 PST">
          <reporter-output>
          </reporter-output>
        </test-method> <!-- setUp -->
        <test-method status="PASS" signature="verifySignUpLinkTest()[pri:2, instance:com.qa.hubspot.tests.LoginPageTest@5e853265]" name="verifySignUpLinkTest" duration-ms="39" started-at="2019-12-04T14:31:21 PST" finished-at="2019-12-04T14:31:22 PST">
          <reporter-output>
          </reporter-output>
        </test-method> <!-- verifySignUpLinkTest -->
        <test-method status="PASS" signature="tearDown()[pri:0, instance:com.qa.hubspot.tests.LoginPageTest@5e853265]" name="tearDown" is-config="true" duration-ms="589" started-at="2019-12-04T14:31:22 PST" finished-at="2019-12-04T14:31:22 PST">
          <reporter-output>
          </reporter-output>
        </test-method> <!-- tearDown -->
        <test-method status="PASS" signature="setUp()[pri:0, instance:com.qa.hubspot.tests.LoginPageTest@5e853265]" name="setUp" is-config="true" duration-ms="11250" started-at="2019-12-04T14:31:22 PST" finished-at="2019-12-04T14:31:33 PST">
          <reporter-output>
          </reporter-output>
        </test-method> <!-- setUp -->
        <test-method status="PASS" signature="loginTestWithCorrectCredentialsTest()[pri:3, instance:com.qa.hubspot.tests.LoginPageTest@5e853265]" name="loginTestWithCorrectCredentialsTest" duration-ms="8291" started-at="2019-12-04T14:31:33 PST" finished-at="2019-12-04T14:31:42 PST">
          <reporter-output>
          </reporter-output>
        </test-method> <!-- loginTestWithCorrectCredentialsTest -->
        <test-method status="PASS" signature="tearDown()[pri:0, instance:com.qa.hubspot.tests.LoginPageTest@5e853265]" name="tearDown" is-config="true" duration-ms="602" started-at="2019-12-04T14:31:42 PST" finished-at="2019-12-04T14:31:42 PST">
          <reporter-output>
          </reporter-output>
        </test-method> <!-- tearDown -->
        <test-method status="PASS" signature="setUp()[pri:0, instance:com.qa.hubspot.tests.LoginPageTest@5e853265]" name="setUp" is-config="true" duration-ms="11313" started-at="2019-12-04T14:31:42 PST" finished-at="2019-12-04T14:31:54 PST">
          <reporter-output>
          </reporter-output>
        </test-method> <!-- setUp -->
        <test-method status="PASS" signature="loginTestWithInCorrectCredentialsTest()[pri:4, instance:com.qa.hubspot.tests.LoginPageTest@5e853265]" name="loginTestWithInCorrectCredentialsTest" duration-ms="8235" started-at="2019-12-04T14:31:54 PST" finished-at="2019-12-04T14:32:02 PST">
          <reporter-output>
          </reporter-output>
        </test-method> <!-- loginTestWithInCorrectCredentialsTest -->
        <test-method status="PASS" signature="tearDown()[pri:0, instance:com.qa.hubspot.tests.LoginPageTest@5e853265]" name="tearDown" is-config="true" duration-ms="606" started-at="2019-12-04T14:32:02 PST" finished-at="2019-12-04T14:32:02 PST">
          <reporter-output>
          </reporter-output>
        </test-method> <!-- tearDown -->
      </class> <!-- com.qa.hubspot.tests.LoginPageTest -->
    </test> <!-- Default test -->
  </suite> <!-- Default suite -->
</testng-results>
